<?xml version="1.0" encoding="UTF-8"?>
<!-- Generated by org.testng.reporters.JUnitReportReporter -->
<testsuite hostname="SJPC" failures="0" tests="2" name="TestRunner.TestRunner1" time="93.811" errors="0" timestamp="2023-03-11T03:14:16 GMT" skipped="0">
  <testcase classname="TestRunner.TestRunner1" name="runScenario" time="50.166"/>
  <system-out/>
  <testcase classname="TestRunner.TestRunner1" name="runScenario" time="43.645"/>
  <system-out/>
</testsuite> <!-- TestRunner.TestRunner1 -->
